<?xml version="1.0" encoding="UTF-8" ?>
<testsuite failures="0" time="0.225" errors="0" skipped="0" tests="8" name="TestSuite">
  <properties>
    <property name="java.runtime.name" value="Java(TM) SE Runtime Environment"/>
    <property name="sun.boot.library.path" value="C:\Program Files\Java\jdk1.6.0_23\jre\bin"/>
    <property name="java.vm.version" value="19.0-b09"/>
    <property name="java.vm.vendor" value="Sun Microsystems Inc."/>
    <property name="java.vendor.url" value="http://java.sun.com/"/>
    <property name="path.separator" value=";"/>
    <property name="java.vm.name" value="Java HotSpot(TM) Client VM"/>
    <property name="file.encoding.pkg" value="sun.io"/>
    <property name="user.country" value="CN"/>
    <property name="sun.java.launcher" value="SUN_STANDARD"/>
    <property name="sun.os.patch.level" value="Service Pack 2"/>
    <property name="java.vm.specification.name" value="Java Virtual Machine Specification"/>
    <property name="user.dir" value="E:\seam2jsf2\jboss-seam2.2-src\ui"/>
    <property name="java.runtime.version" value="1.6.0_23-b05"/>
    <property name="java.awt.graphicsenv" value="sun.awt.Win32GraphicsEnvironment"/>
    <property name="basedir" value="E:\seam2jsf2\jboss-seam2.2-src\ui"/>
    <property name="java.endorsed.dirs" value="C:\Program Files\Java\jdk1.6.0_23\jre\lib\endorsed"/>
    <property name="os.arch" value="x86"/>
    <property name="surefire.real.class.path" value="C:\Users\ADMINI~1\AppData\Local\Temp\surefirebooter3347935005544503790.jar"/>
    <property name="java.io.tmpdir" value="C:\Users\ADMINI~1\AppData\Local\Temp\"/>
    <property name="line.separator" value="
"/>
    <property name="java.vm.specification.vendor" value="Sun Microsystems Inc."/>
    <property name="user.variant" value=""/>
    <property name="os.name" value="Windows Server 2008"/>
    <property name="sun.jnu.encoding" value="GBK"/>
    <property name="java.library.path" value="C:\Program Files\Java\jdk1.6.0_23\jre\bin;.;C:\Windows\Sun\Java\bin;C:\Windows\system32;C:\Windows;C:\Program Files\PC Connectivity Solution\;C:\Program Files\Common Files\Microsoft Shared\Windows Live;C:\Windows\system32;C:\Windows;C:\Windows\System32\Wbem;C:\Windows\System32\WindowsPowerShell\v1.0\;c:\Program Files\Microsoft SQL Server\100\Tools\Binn\;c:\Program Files\Microsoft SQL Server\100\DTS\Binn\;c:\Program Files\Microsoft SQL Server\100\Tools\Binn\VSShell\Common7\IDE\;C:\Program Files\Common Files\Thunder Network\KanKan\Codecs;C:\Program Files\Mercurial;C:\Program Files\Microsoft Visual Studio 10.0\VisualSVN\bin;C:\Program Files\TortoiseSVN\bin;C:\Program Files\Windows Live\Shared;C:\Program Files\QuickTime\QTSystem\;C:\JavaTools\apache-maven-3.0.2\bin;C:\JavaTools\apache-ant-1.8.1\bin;C:\JavaTools\svn-win32-1.6.1\bin;C:\JavaTools\eclipse\FlashBuild4\sdks\4.1.0\bin;C:\JavaTools\spring-roo-1.0.2.RELEASE\bin;C:\JavaTools\Python26;C:\JavaTools\Python26\Scripts;C:\JavaTools\eclipse;C:\Program Files\Java\jdk1.6.0_23\bin;C:\Program Files\oracle\instantclient_11_2;C:\JavaTools\groovy-1.8.0\bin;C:\JavaTools\grails-1.3.6\bin"/>
    <property name="surefire.test.class.path" value="E:\seam2jsf2\jboss-seam2.2-src\ui\target\test-classes;E:\seam2jsf2\jboss-seam2.2-src\ui\target\classes;C:\Users\Administrator\.m2\repository\org\richfaces\framework\richfaces-impl\3.3.3.Final\richfaces-impl-3.3.3.Final.jar;C:\Users\Administrator\.m2\repository\commons-digester\commons-digester\1.8.1\commons-digester-1.8.1.jar;C:\Users\Administrator\.m2\repository\commons-beanutils\commons-beanutils\1.7.0\commons-beanutils-1.7.0.jar;C:\Users\Administrator\.m2\repository\org\richfaces\framework\richfaces-api\3.3.3.Final\richfaces-api-3.3.3.Final.jar;C:\Users\Administrator\.m2\repository\commons-collections\commons-collections\3.2\commons-collections-3.2.jar;C:\Users\Administrator\.m2\repository\emma\emma\2.0.5312\emma-2.0.5312.jar;C:\Users\Administrator\.m2\repository\javax\persistence\persistence-api\1.0\persistence-api-1.0.jar;C:\Users\Administrator\.m2\repository\org\jbpm\jbpm-jpdl\3.2.2\jbpm-jpdl-3.2.2.jar;C:\Users\Administrator\.m2\repository\javax\servlet\jsp\jsp-api\2.1\jsp-api-2.1.jar;C:\Users\Administrator\.m2\repository\org\jboss\seam\jboss-seam\2.2.2-SNAPSHOT\jboss-seam-2.2.2-SNAPSHOT.jar;C:\Users\Administrator\.m2\repository\org\hibernate\hibernate-entitymanager\3.4.0.GA\hibernate-entitymanager-3.4.0.GA.jar;C:\Users\Administrator\.m2\repository\org\hibernate\hibernate-commons-annotations\3.1.0.GA\hibernate-commons-annotations-3.1.0.GA.jar;C:\Users\Administrator\.m2\repository\org\slf4j\slf4j-api\1.4.2\slf4j-api-1.4.2.jar;C:\Users\Administrator\.m2\repository\org\hibernate\hibernate-annotations\3.4.0.GA\hibernate-annotations-3.4.0.GA.jar;C:\Users\Administrator\.m2\repository\org\hibernate\hibernate-core\3.3.1.GA\hibernate-core-3.3.1.GA.jar;C:\Users\Administrator\.m2\repository\antlr\antlr\2.7.6\antlr-2.7.6.jar;C:\Users\Administrator\.m2\repository\dom4j\dom4j\1.6.1-brew\dom4j-1.6.1-brew.jar;C:\Users\Administrator\.m2\repository\javax\transaction\jta\1.1\jta-1.1.jar;C:\Users\Administrator\.m2\repository\javassist\javassist\3.12.0.GA\javassist-3.12.0.GA.jar;C:\Users\Administrator\.m2\repository\org\hibernate\hibernate-search\3.1.1.GA\hibernate-search-3.1.1.GA.jar;C:\Users\Administrator\.m2\repository\hsqldb\hsqldb\1.8.0.8-brew\hsqldb-1.8.0.8-brew.jar;C:\Users\Administrator\.m2\repository\org\apache\lucene\lucene-core\2.4.1\lucene-core-2.4.1.jar;C:\Users\Administrator\.m2\repository\org\hibernate\ejb3-persistence\1.0.2.GA\ejb3-persistence-1.0.2.GA.jar;C:\Users\Administrator\.m2\repository\org\hibernate\hibernate-validator\3.1.0.GA\hibernate-validator-3.1.0.GA.jar;C:\Users\Administrator\.m2\repository\org\javassist\javassist\3.14.0-GA\javassist-3.14.0-GA.jar;C:\Users\Administrator\.m2\repository\org\jboss\spec\javax\interceptor\jboss-interceptors-api_1.1_spec\1.0.0.Beta1\jboss-interceptors-api_1.1_spec-1.0.0.Beta1.jar;C:\Users\Administrator\.m2\repository\javax\el\el-api\1.0\el-api-1.0.jar;C:\Users\Administrator\.m2\repository\org\hibernate\java-persistence\jpa-api\2.0-cr-1\jpa-api-2.0-cr-1.jar;C:\Users\Administrator\.m2\repository\javax\validation\validation-api\1.0.0.GA\validation-api-1.0.0.GA.jar;C:\Users\Administrator\.m2\repository\com\thoughtworks\xstream\xstream\1.3.1\xstream-1.3.1.jar;C:\Users\Administrator\.m2\repository\xpp3\xpp3_min\1.1.3.4.O\xpp3_min-1.1.3.4.O.jar;C:\Users\Administrator\.m2\repository\org\jboss\el\jboss-el\1.0_02.CR5\jboss-el-1.0_02.CR5.jar;C:\Users\Administrator\.m2\repository\org\glassfish\web\el-impl\2.2.1-b03\el-impl-2.2.1-b03.jar;C:\Users\Administrator\.m2\repository\com\sun\faces\jsf-impl\2.1.0-b04\jsf-impl-2.1.0-b04.jar;C:\Users\Administrator\.m2\repository\javax\servlet\servlet-api\2.5\servlet-api-2.5.jar;C:\Users\Administrator\.m2\repository\org\testng\testng\5.9\testng-5.9-jdk15.jar;C:\Users\Administrator\.m2\repository\jboss\jboss-jmx\4.2.3.GA\jboss-jmx-4.2.3.GA.jar;C:\Users\Administrator\.m2\repository\org\jboss\seam\jboss-seam-jul\2.2.2-SNAPSHOT\jboss-seam-jul-2.2.2-SNAPSHOT.jar;C:\Users\Administrator\.m2\repository\com\sun\faces\jsf-api\2.1.0-b04\jsf-api-2.1.0-b04.jar;C:\Users\Administrator\.m2\repository\jboss\jboss-system\4.2.3.GA\jboss-system-4.2.3.GA.jar;"/>
    <property name="java.specification.name" value="Java Platform API Specification"/>
    <property name="java.class.version" value="50.0"/>
    <property name="sun.management.compiler" value="HotSpot Client Compiler"/>
    <property name="os.version" value="6.0"/>
    <property name="user.home" value="C:\Users\Administrator"/>
    <property name="user.timezone" value="Asia/Shanghai"/>
    <property name="java.awt.printerjob" value="sun.awt.windows.WPrinterJob"/>
    <property name="java.specification.version" value="1.6"/>
    <property name="file.encoding" value="GBK"/>
    <property name="user.name" value="Administrator"/>
    <property name="java.class.path" value="E:\seam2jsf2\jboss-seam2.2-src\ui\target\test-classes;E:\seam2jsf2\jboss-seam2.2-src\ui\target\classes;C:\Users\Administrator\.m2\repository\org\richfaces\framework\richfaces-impl\3.3.3.Final\richfaces-impl-3.3.3.Final.jar;C:\Users\Administrator\.m2\repository\commons-digester\commons-digester\1.8.1\commons-digester-1.8.1.jar;C:\Users\Administrator\.m2\repository\commons-beanutils\commons-beanutils\1.7.0\commons-beanutils-1.7.0.jar;C:\Users\Administrator\.m2\repository\org\richfaces\framework\richfaces-api\3.3.3.Final\richfaces-api-3.3.3.Final.jar;C:\Users\Administrator\.m2\repository\commons-collections\commons-collections\3.2\commons-collections-3.2.jar;C:\Users\Administrator\.m2\repository\emma\emma\2.0.5312\emma-2.0.5312.jar;C:\Users\Administrator\.m2\repository\javax\persistence\persistence-api\1.0\persistence-api-1.0.jar;C:\Users\Administrator\.m2\repository\org\jbpm\jbpm-jpdl\3.2.2\jbpm-jpdl-3.2.2.jar;C:\Users\Administrator\.m2\repository\javax\servlet\jsp\jsp-api\2.1\jsp-api-2.1.jar;C:\Users\Administrator\.m2\repository\org\jboss\seam\jboss-seam\2.2.2-SNAPSHOT\jboss-seam-2.2.2-SNAPSHOT.jar;C:\Users\Administrator\.m2\repository\org\hibernate\hibernate-entitymanager\3.4.0.GA\hibernate-entitymanager-3.4.0.GA.jar;C:\Users\Administrator\.m2\repository\org\hibernate\hibernate-commons-annotations\3.1.0.GA\hibernate-commons-annotations-3.1.0.GA.jar;C:\Users\Administrator\.m2\repository\org\slf4j\slf4j-api\1.4.2\slf4j-api-1.4.2.jar;C:\Users\Administrator\.m2\repository\org\hibernate\hibernate-annotations\3.4.0.GA\hibernate-annotations-3.4.0.GA.jar;C:\Users\Administrator\.m2\repository\org\hibernate\hibernate-core\3.3.1.GA\hibernate-core-3.3.1.GA.jar;C:\Users\Administrator\.m2\repository\antlr\antlr\2.7.6\antlr-2.7.6.jar;C:\Users\Administrator\.m2\repository\dom4j\dom4j\1.6.1-brew\dom4j-1.6.1-brew.jar;C:\Users\Administrator\.m2\repository\javax\transaction\jta\1.1\jta-1.1.jar;C:\Users\Administrator\.m2\repository\javassist\javassist\3.12.0.GA\javassist-3.12.0.GA.jar;C:\Users\Administrator\.m2\repository\org\hibernate\hibernate-search\3.1.1.GA\hibernate-search-3.1.1.GA.jar;C:\Users\Administrator\.m2\repository\hsqldb\hsqldb\1.8.0.8-brew\hsqldb-1.8.0.8-brew.jar;C:\Users\Administrator\.m2\repository\org\apache\lucene\lucene-core\2.4.1\lucene-core-2.4.1.jar;C:\Users\Administrator\.m2\repository\org\hibernate\ejb3-persistence\1.0.2.GA\ejb3-persistence-1.0.2.GA.jar;C:\Users\Administrator\.m2\repository\org\hibernate\hibernate-validator\3.1.0.GA\hibernate-validator-3.1.0.GA.jar;C:\Users\Administrator\.m2\repository\org\javassist\javassist\3.14.0-GA\javassist-3.14.0-GA.jar;C:\Users\Administrator\.m2\repository\org\jboss\spec\javax\interceptor\jboss-interceptors-api_1.1_spec\1.0.0.Beta1\jboss-interceptors-api_1.1_spec-1.0.0.Beta1.jar;C:\Users\Administrator\.m2\repository\javax\el\el-api\1.0\el-api-1.0.jar;C:\Users\Administrator\.m2\repository\org\hibernate\java-persistence\jpa-api\2.0-cr-1\jpa-api-2.0-cr-1.jar;C:\Users\Administrator\.m2\repository\javax\validation\validation-api\1.0.0.GA\validation-api-1.0.0.GA.jar;C:\Users\Administrator\.m2\repository\com\thoughtworks\xstream\xstream\1.3.1\xstream-1.3.1.jar;C:\Users\Administrator\.m2\repository\xpp3\xpp3_min\1.1.3.4.O\xpp3_min-1.1.3.4.O.jar;C:\Users\Administrator\.m2\repository\org\jboss\el\jboss-el\1.0_02.CR5\jboss-el-1.0_02.CR5.jar;C:\Users\Administrator\.m2\repository\org\glassfish\web\el-impl\2.2.1-b03\el-impl-2.2.1-b03.jar;C:\Users\Administrator\.m2\repository\com\sun\faces\jsf-impl\2.1.0-b04\jsf-impl-2.1.0-b04.jar;C:\Users\Administrator\.m2\repository\javax\servlet\servlet-api\2.5\servlet-api-2.5.jar;C:\Users\Administrator\.m2\repository\org\testng\testng\5.9\testng-5.9-jdk15.jar;C:\Users\Administrator\.m2\repository\jboss\jboss-jmx\4.2.3.GA\jboss-jmx-4.2.3.GA.jar;C:\Users\Administrator\.m2\repository\org\jboss\seam\jboss-seam-jul\2.2.2-SNAPSHOT\jboss-seam-jul-2.2.2-SNAPSHOT.jar;C:\Users\Administrator\.m2\repository\com\sun\faces\jsf-api\2.1.0-b04\jsf-api-2.1.0-b04.jar;C:\Users\Administrator\.m2\repository\jboss\jboss-system\4.2.3.GA\jboss-system-4.2.3.GA.jar;"/>
    <property name="java.vm.specification.version" value="1.0"/>
    <property name="sun.arch.data.model" value="32"/>
    <property name="java.home" value="C:\Program Files\Java\jdk1.6.0_23\jre"/>
    <property name="java.specification.vendor" value="Sun Microsystems Inc."/>
    <property name="user.language" value="zh"/>
    <property name="awt.toolkit" value="sun.awt.windows.WToolkit"/>
    <property name="java.vm.info" value="mixed mode, sharing"/>
    <property name="java.version" value="1.6.0_23"/>
    <property name="java.ext.dirs" value="C:\Program Files\Java\jdk1.6.0_23\jre\lib\ext;C:\Windows\Sun\Java\lib\ext"/>
    <property name="sun.boot.class.path" value="C:\Program Files\Java\jdk1.6.0_23\jre\lib\resources.jar;C:\Program Files\Java\jdk1.6.0_23\jre\lib\rt.jar;C:\Program Files\Java\jdk1.6.0_23\jre\lib\sunrsasign.jar;C:\Program Files\Java\jdk1.6.0_23\jre\lib\jsse.jar;C:\Program Files\Java\jdk1.6.0_23\jre\lib\jce.jar;C:\Program Files\Java\jdk1.6.0_23\jre\lib\charsets.jar;C:\Program Files\Java\jdk1.6.0_23\jre\lib\modules\jdk.boot.jar;C:\Program Files\Java\jdk1.6.0_23\jre\classes"/>
    <property name="java.vendor" value="Sun Microsystems Inc."/>
    <property name="localRepository" value="C:\Users\Administrator\.m2\repository"/>
    <property name="file.separator" value="\"/>
    <property name="java.vendor.url.bug" value="http://java.sun.com/cgi-bin/bugreport.cgi"/>
    <property name="sun.cpu.endian" value="little"/>
    <property name="sun.io.unicode.encoding" value="UnicodeLittle"/>
    <property name="sun.desktop" value="windows"/>
    <property name="sun.cpu.isalist" value="pentium_pro+mmx pentium_pro pentium+mmx pentium i486 i386 i86"/>
  </properties>
  <testcase time="0.005" classname="org.jboss.seam.ui.test.AtomicBooleanConverterTest" name="testGetAsObject"/>
  <testcase time="0.001" classname="org.jboss.seam.ui.test.AtomicBooleanConverterTest" name="testGetAsString"/>
  <testcase time="0.001" classname="org.jboss.seam.ui.test.AtomicIntegerConverterTest" name="testGetAsString"/>
  <testcase time="0" classname="org.jboss.seam.ui.test.AtomicIntegerConverterTest" name="testGetAsObject"/>
  <testcase time="0" classname="org.jboss.seam.ui.test.AtomicLongConverterTest" name="testGetAsString"/>
  <testcase time="0" classname="org.jboss.seam.ui.test.AtomicLongConverterTest" name="testGetAsObject"/>
  <testcase time="0.002" classname="org.jboss.seam.ui.test.UrlBuilderTest" name="testBaseUrlAlreadyHasParams"/>
  <testcase time="0" classname="org.jboss.seam.ui.test.UrlBuilderTest" name="testParameterOrdering"/>
</testsuite>